<?xml version="1.0" encoding="UTF-8"?>
<testsuite name="AnimationTest" tests="5" skipped="0" failures="0" errors="0" timestamp="2017-03-07T09:05:37" hostname="zhena-VGN-FW140E" time="0.376">
  <properties/>
  <testcase name="test animation. init: ... speed: 2" classname="AnimationTest" time="0.265"/>
  <testcase name="test animation. init: R.. speed: 1" classname="AnimationTest" time="0.082"/>
  <testcase name="test animation. init: ..L speed: 1" classname="AnimationTest" time="0.008"/>
  <testcase name="test animation. init: R..L speed: 1" classname="AnimationTest" time="0.005"/>
  <testcase name="test animation. init: ..R.... speed: 2" classname="AnimationTest" time="0.011"/>
  <system-out><![CDATA[]]></system-out>
  <system-err><![CDATA[]]></system-err>
</testsuite>
